\BOOKMARK [1][-]{section.1}{\376\377\144\315\117\134\174\373\176\337\166\204\116\313\176\315}{}% 1
\BOOKMARK [2][-]{subsection.1.1}{\376\377\000\040\137\123\172\013\136\217\217\320\210\114\145\366\123\321\165\037\116\206\116\300\116\110\000\040}{section.1}% 2
\BOOKMARK [2][-]{subsection.1.2}{\376\377\144\315\117\134\174\373\176\337\166\204\124\004\171\315\171\360\124\174\377\010\166\356\150\007\220\375\146\057\116\072\116\206\146\364\131\175\165\050\377\011}{section.1}% 3
\BOOKMARK [2][-]{subsection.1.3}{\376\377\116\011\116\052\116\073\230\230}{section.1}% 4
\BOOKMARK [3][-]{subsubsection.1.3.1}{\376\377\000P\000e\000r\000s\000i\000s\000t\000e\000n\000c\000e}{subsection.1.3}% 5
\BOOKMARK [3][-]{subsubsection.1.3.2}{\376\377\000C\000o\000n\000c\000u\000r\000r\000e\000n\000c\000y}{subsection.1.3}% 6
\BOOKMARK [3][-]{subsubsection.1.3.3}{\376\377\000V\000i\000r\000t\000u\000a\000l\000i\000z\000a\000t\000i\000o\000n}{subsection.1.3}% 7
\BOOKMARK [2][-]{subsection.1.4}{\376\377\213\276\131\007\232\161\122\250}{section.1}% 8
\BOOKMARK [2][-]{subsection.1.5}{\376\377\121\231\166\204\123\117\213\256}{section.1}% 9
\BOOKMARK [3][-]{subsubsection.1.5.1}{\376\377\000j\000o\000u\000r\000n\000a\000l\000i\000n\000g}{subsection.1.5}% 10
\BOOKMARK [3][-]{subsubsection.1.5.2}{\376\377\000c\000o\000p\000y\000-\000o\000n\000-\000w\000r\000i\000t\000e}{subsection.1.5}% 11
\BOOKMARK [2][-]{subsection.1.6}{\376\377\131\202\117\125\147\204\136\372\174\373\176\337}{section.1}% 12
\BOOKMARK [2][-]{subsection.1.7}{\376\377\166\356\166\204}{section.1}% 13
\BOOKMARK [3][-]{subsubsection.1.7.1}{\376\377\000p\000e\000r\000f\000o\000r\000m\000a\000n\000c\000e}{subsection.1.7}% 14
\BOOKMARK [3][-]{subsubsection.1.7.2}{\376\377\000p\000r\000o\000t\000e\000c\000t\000i\000o\000n}{subsection.1.7}% 15
\BOOKMARK [3][-]{subsubsection.1.7.3}{\376\377\000r\000e\000l\000i\000a\000b\000i\000l\000i\000t\000y}{subsection.1.7}% 16
\BOOKMARK [3][-]{subsubsection.1.7.4}{\376\377\000e\000n\000e\000r\000g\000y\000-\000e\000f\000f\000i\000c\000i\000e\000n\000c\000y}{subsection.1.7}% 17
\BOOKMARK [3][-]{subsubsection.1.7.5}{\376\377\000s\000e\000c\000u\000r\000i\000t\000y}{subsection.1.7}% 18
\BOOKMARK [3][-]{subsubsection.1.7.6}{\376\377\000m\000o\000b\000i\000l\000i\000t\000y}{subsection.1.7}% 19
\BOOKMARK [2][-]{subsection.1.8}{\376\377\000A\000b\000s\000t\000r\000a\000c\000t\000i\000o\000n}{section.1}% 20
\BOOKMARK [1][-]{section.2}{\376\377\000T\000h\000e\000\040\000A\000b\000s\000t\000r\000a\000c\000t\000i\000o\000n\000:\000\040\000T\000h\000e\000\040\000P\000r\000o\000c\000e\000s\000s\040\024\000-\000r\000u\000n\000n\000i\000n\000g\000\040\000p\000r\000o\000g\000r\000a\000m}{}% 21
\BOOKMARK [2][-]{subsection.2.1}{\376\377\000p\000o\000l\000i\000c\000i\000e\000s}{section.2}% 22
\BOOKMARK [2][-]{subsection.2.2}{\376\377\217\333\172\013\166\204\176\304\142\020}{section.2}% 23
\BOOKMARK [3][-]{subsubsection.2.2.1}{\376\377\217\333\172\013\146\040\120\317}{subsection.2.2}% 24
\BOOKMARK [3][-]{subsubsection.2.2.2}{\376\377\000P\000C\000B\377\032\217\333\172\013\143\317\217\360\127\127\377\014\217\333\172\013\133\130\127\050\166\204\125\057\116\000\150\007\137\327}{subsection.2.2}% 25
\BOOKMARK [2][-]{subsection.2.3}{\376\377\217\333\172\013\226\037\122\027}{section.2}% 26
\BOOKMARK [3][-]{subsubsection.2.3.1}{\376\377\176\277\140\047\145\271\137\017}{subsection.2.3}% 27
\BOOKMARK [3][-]{subsubsection.2.3.2}{\376\377\224\376\143\245\145\271\137\017}{subsection.2.3}% 28
\BOOKMARK [3][-]{subsubsection.2.3.3}{\376\377\175\042\137\025\145\271\137\017}{subsection.2.3}% 29
\BOOKMARK [2][-]{subsection.2.4}{\376\377\217\333\172\013\173\241\164\006}{section.2}% 30
\BOOKMARK [3][-]{subsubsection.2.4.1}{\376\377\122\033\136\372\217\333\172\013\000\040\000f\000o\000r\000k\000\050\000\051}{subsection.2.4}% 31
\BOOKMARK [3][-]{subsubsection.2.4.2}{\376\377\226\073\130\136\217\333\172\013\000\040\000s\000l\000e\000e\000p}{subsection.2.4}% 32
\BOOKMARK [3][-]{subsubsection.2.4.3}{\376\377\125\044\221\222\217\333\172\013\000\040\000w\000a\000k\000e\000u\000p}{subsection.2.4}% 33
\BOOKMARK [3][-]{subsubsection.2.4.4}{\376\377\146\364\143\142\217\333\172\013\146\040\120\317}{subsection.2.4}% 34
\BOOKMARK [1][-]{section.3}{\376\377\000L\000i\000n\000u\000x\000\040\217\333\172\013\173\241\164\006}{}% 35
\BOOKMARK [2][-]{subsection.3.1}{\376\377\000l\000i\000n\000u\000x\000\040\217\333\172\013\162\266\140\001}{section.3}% 36
\BOOKMARK [2][-]{subsection.3.2}{\376\377\000l\000i\000n\000u\000x\000\040\217\333\172\013\152\041\137\017}{section.3}% 37
\BOOKMARK [3][-]{subsubsection.3.2.1}{\376\377\165\050\142\067\140\001\377\032\137\123\122\115\217\320\210\114\166\204\146\057\165\050\142\067\172\013\136\217\377\014\136\224\165\050\172\013\136\217\377\014\142\026\200\005\121\205\150\070\116\113\131\026\166\204\174\373\176\337\172\013\136\217}{subsection.3.2}% 38
\BOOKMARK [3][-]{subsubsection.3.2.2}{\376\377\150\070\137\303\140\001\377\032\165\050\142\067\140\001\145\366\121\372\163\260\174\373\176\337\214\003\165\050\142\026\200\005\123\321\165\037\116\055\145\255\116\213\116\366\377\010\217\320\210\114\144\315\117\134\174\373\176\337\377\010\150\070\137\303\377\011\172\013\136\217\377\011}{subsection.3.2}% 39
\BOOKMARK [3][-]{subsubsection.3.2.3}{\376\377\174\373\176\337\217\333\172\013}{subsection.3.2}% 40
\BOOKMARK [3][-]{subsubsection.3.2.4}{\376\377\165\050\142\067\217\333\172\013}{subsection.3.2}% 41
\BOOKMARK [2][-]{subsection.3.3}{\376\377\000l\000i\000n\000u\000x\000\040\217\333\172\013\166\204\176\323\147\204}{section.3}% 42
\BOOKMARK [3][-]{subsubsection.3.3.1}{\376\377\000t\000a\000s\000k\000\137\000s\000t\000r\000u\000c\000t}{subsection.3.3}% 43
\BOOKMARK [3][-]{subsubsection.3.3.2}{\376\377\174\373\176\337\130\006\150\010}{subsection.3.3}% 44
\BOOKMARK [1][-]{section.4}{\376\377\144\315\117\134\124\175\116\344}{}% 45
\BOOKMARK [2][-]{subsection.4.1}{\376\377\147\011\121\163\217\333\172\013}{section.4}% 46
\BOOKMARK [3][-]{subsubsection.4.1.1}{\376\377\000p\000s\000\040\147\345\167\013\217\333\172\013\162\266\140\001}{subsection.4.1}% 47
\BOOKMARK [2][-]{subsection.4.2}{\376\377\000k\000i\000l\000l}{section.4}% 48
\BOOKMARK [3][-]{subsubsection.4.2.1}{\376\377\000s\000l\000e\000e\000p}{subsection.4.2}% 49
\BOOKMARK [3][-]{subsubsection.4.2.2}{\376\377\000f\000o\000r\000k}{subsection.4.2}% 50
\BOOKMARK [3][-]{subsubsection.4.2.3}{\376\377\000e\000x\000e\000c}{subsection.4.2}% 51
\BOOKMARK [3][-]{subsubsection.4.2.4}{\376\377\000w\000a\000i\000t}{subsection.4.2}% 52
\BOOKMARK [3][-]{subsubsection.4.2.5}{\376\377\000e\000x\000i\000t}{subsection.4.2}% 53
\BOOKMARK [3][-]{subsubsection.4.2.6}{\376\377\000g\000e\000t\000p\000i\000d}{subsection.4.2}% 54
\BOOKMARK [3][-]{subsubsection.4.2.7}{\376\377\000g\000e\000t\000p\000p\000i\000d}{subsection.4.2}% 55
\BOOKMARK [3][-]{subsubsection.4.2.8}{\376\377\000n\000i\000c\000e}{subsection.4.2}% 56
\BOOKMARK [1][-]{section.5}{\376\377\174\373\176\337\214\003\165\050\166\204\117\177\165\050\145\271\137\017}{}% 57
\BOOKMARK [1][-]{section.6}{\376\377\172\336\116\211}{}% 58
\BOOKMARK [2][-]{subsection.6.1}{\376\377\172\336\116\211\147\141\116\366}{section.6}% 59
\BOOKMARK [2][-]{subsection.6.2}{\376\377\116\064\165\114\215\104\156\220\000\040\000c\000r\000i\000t\000i\000c\000a\000l\000\040\000r\000e\000s\000o\000u\000r\000c\000e}{section.6}% 60
\BOOKMARK [2][-]{subsection.6.3}{\376\377\116\064\165\114\123\072\000\040\000c\000r\000i\000t\000i\000c\000a\000l\000\040\000s\000e\000c\000t\000i\000o\000n\000\040\000C\000S}{section.6}% 61
\BOOKMARK [1][-]{section.7}{\376\377\217\333\172\013\220\032\117\341}{}% 62
\BOOKMARK [2][-]{subsection.7.1}{\376\377\124\014\153\145}{section.7}% 63
\BOOKMARK [2][-]{subsection.7.2}{\376\377\116\222\145\245}{section.7}% 64
\BOOKMARK [3][-]{subsubsection.7.2.1}{\376\377\171\201\153\142\116\055\145\255}{subsection.7.2}% 65
\BOOKMARK [3][-]{subsubsection.7.2.2}{\376\377\213\276\177\156\116\023\165\050\147\072\126\150\143\007\116\344}{subsection.7.2}% 66
